3 s 2 e 31 i 2 3 31 d uuu 
|
14 s 4 e 49 i 4 12 27 29 49 d uuuuu 
|
26 s 6 e 65 i 6 40 55 61 64 65 d uuuudu 
|
1 s 18 e 28 i 18 28 d uu 
|
30 s 19 e 47 i 19 22 42 42 47 d uuudu 
|
17 s 1 e 5 i 1 5 d uu 
19 s 10 e 41 i 10 34 36 38 41 d uuuuu 
|
16 s 9 e 27 i 9 27 d ud 
|
11 s 12 e 22 i 12 13 22 d dud 
6 s 23 e 24 i 23 23 24 d udu 
23 s 25 e 57 i 25 34 57 d udu 
|
20 s 0 e 45 i 0 3 9 32 45 d udduu 
|
12 s 2 e 20 i 2 16 17 20 d dddu 
28 s 26 e 60 i 26 46 55 57 58 60 d uudduu 
|
21 s 8 e 56 i 8 31 46 49 53 56 d uddduu 
|
22 s 1 e 44 i 1 26 38 39 43 44 d ddduuu 
|
10 s 5 e 52 i 5 16 35 39 45 52 d duuddu 
|
29 s 37 e 52 i 37 41 48 52 d uddd 
|
9 s 15 e 59 i 15 43 53 56 59 d ddddu 
|
27 s 25 e 59 i 25 32 33 54 58 59 d dduudd 
|
25 s 37 e 66 i 37 40 51 60 66 d ddddd 
|
18 s 0 e 54 i 0 13 14 30 50 54 d dduuud 
|
24 s 11 e 50 i 11 15 44 50 d uudd 
|
8 s 6 e 11 i 6 11 d dd 
2 s 20 e 21 i 20 21 d du 
|
5 s 7 e 14 i 7 8 14 d udd 
9 s 15 e 59 i 15 43 53 56 59 d ddddu 
7 s 17 e 30 i 17 21 24 30 d uddd 
|
13 s 7 e 47 i 7 47 d dd 
|
12 s 2 e 20 i 2 16 17 20 d dddu 
4 s 28 e 35 i 28 35 d dd 
|
15 s 4 e 33 i 4 18 29 33 d dddd 
|
